20.02.2024 13:30:29 - Log file created.
20.02.2024 13:30:30 - ERROR: Error during login: IDX10720: Unable to create KeyedHashAlgorithm for algorithm 'HS256', the key size must be greater than: '256' bits, key has '248' bits. (Parameter 'keyBytes')
Exception: 
20.02.2024 13:32:00 - ERROR: Error during login: IDX10720: Unable to create KeyedHashAlgorithm for algorithm 'HS256', the key size must be greater than: '256' bits, key has '248' bits. (Parameter 'keyBytes')
Exception: 
20.02.2024 13:37:09 - ERROR: Error during login: Login Failed
Exception: 
20.02.2024 14:44:47 - ERROR: Error during login: Login Failed
Exception: 
12.05.2024 21:26:54 - ERROR: Error during login: Login Failed
Exception: 
26.05.2024 00:34:12 - ERROR: Error during login: Login Failed
Exception: 
26.05.2024 00:34:27 - ERROR: Error during login: Login Failed
Exception: 
26.05.2024 20:05:19 - ERROR: Error during login: User or password incorrect
Exception: 
26.05.2024 20:05:21 - ERROR: Error during login: User or password incorrect
Exception: 
26.05.2024 20:11:59 - ERROR: Error during login: User or password incorrect
Exception: 
26.05.2024 20:12:59 - ERROR: Error during login: User or password incorrect
Exception: 
26.05.2024 20:14:43 - ERROR: Error during login: User or password incorrect
Exception: 
26.05.2024 20:15:17 - ERROR: Error during login: User or password incorrect
Exception: 
26.05.2024 20:21:35 - ERROR: Error during login: User or password incorrect
Exception: 
26.05.2024 20:26:16 - ERROR: Error during login: User or password incorrect
Exception: 
26.05.2024 20:26:17 - ERROR: Error during login: User or password incorrect
Exception: 
26.05.2024 20:26:17 - ERROR: Error during login: User or password incorrect
Exception: 
26.05.2024 20:26:17 - ERROR: Error during login: User or password incorrect
Exception: 
26.05.2024 20:26:17 - ERROR: Error during login: User or password incorrect
Exception: 
26.05.2024 20:39:04 - ERROR: Error during login: User or password incorrect
Exception: 
26.05.2024 20:39:46 - ERROR: Error during login: User or password incorrect
Exception: 
26.05.2024 20:40:01 - ERROR: Error during login: User or password incorrect
Exception: 
26.05.2024 20:40:24 - ERROR: Error during login: User or password incorrect
Exception: 
26.05.2024 20:40:49 - ERROR: Error during login: User or password incorrect
Exception: 
26.05.2024 21:52:11 - ERROR: Error during login: User or password incorrect
Exception: 
26.05.2024 21:52:17 - ERROR: Error during login: User or password incorrect
Exception: 
26.05.2024 21:52:18 - ERROR: Error during login: User or password incorrect
Exception: 
26.05.2024 21:52:22 - ERROR: Error during login: User or password incorrect
Exception: 
26.05.2024 21:52:25 - ERROR: Error during login: User or password incorrect
Exception: 
26.05.2024 21:52:25 - ERROR: Error during login: User or password incorrect
Exception: 
26.05.2024 21:52:29 - ERROR: Error during login: User or password incorrect
Exception: 
27.05.2024 00:08:31 - ERROR: Error during login: Login Failed
Exception: 
